<?xml version="1.0" encoding="UTF-8"?>
<testng-results skipped="0" failed="0" ignored="0" total="1" passed="1">
  <reporter-output>
  </reporter-output>
  <suite name="Suite" duration-ms="71625" started-at="2019-04-25T11:33:51Z" finished-at="2019-04-25T11:35:03Z">
    <groups>
    </groups>
    <test name="Test" duration-ms="71625" started-at="2019-04-25T11:33:51Z" finished-at="2019-04-25T11:35:03Z">
      <class name="svg.SVG_Handling">
        <test-method status="PASS" signature="test1()[pri:0, instance:svg.SVG_Handling@711f39f9]" name="test1" duration-ms="71594" started-at="2019-04-25T11:33:51Z" finished-at="2019-04-25T11:35:03Z">
          <reporter-output>
          </reporter-output>
        </test-method> <!-- test1 -->
      </class> <!-- svg.SVG_Handling -->
    </test> <!-- Test -->
  </suite> <!-- Suite -->
</testng-results>
